<?xml version="1.0" encoding="UTF-8"?><testsuite errors="1" failures="0" name="I as a user I  WTBAT have an opportunity to see more references." skipped="0" tests="1" time="8.86" timestamp="2020-09-08 08:45:16"><testcase name=""><error message="Arity mismatch: Step Definition 'stepdefinitions.SeeMoreReferencesStepDefinition.referencesPageIsOpenedHttpsWwwHysEnterpriseComReferences(String) in file:/D:/QA/Tools/hysitetests/target/test-classes/' with pattern [^references page is opened \(https://www\.hys-enterprise\.com/references/\)$] is declared with 1 parameters. However, the gherkin step has 0 arguments []. &#10;Step text: references page is opened (https://www.hys-enterprise.com/references/)" type="cucumber.runtime.CucumberException">Arity mismatch: Step Definition 'stepdefinitions.SeeMoreReferencesStepDefinition.referencesPageIsOpenedHttpsWwwHysEnterpriseComReferences(String) in file:/D:/QA/Tools/hysitetests/target/test-classes/' with pattern [^references page is opened \(https://www\.hys-enterprise\.com/references/\)$] is declared with 1 parameters. However, the gherkin step has 0 arguments []. 
Step text: references page is opened (https://www.hys-enterprise.com/references/)</error><system-err>Arity mismatch: Step Definition 'stepdefinitions.SeeMoreReferencesStepDefinition.referencesPageIsOpenedHttpsWwwHysEnterpriseComReferences(String) in file:/D:/QA/Tools/hysitetests/target/test-classes/' with pattern [^references page is opened \(https://www\.hys-enterprise\.com/references/\)$] is declared with 1 parameters. However, the gherkin step has 0 arguments []. 
Step text: references page is opened (https://www.hys-enterprise.com/references/)&#13;
cucumber.runner.Runner.runPickle(Runner.java:80)&#13;
</system-err></testcase></testsuite>