<?xml version="1.0" encoding="UTF-8"?><testsuite errors="1" failures="0" name="More event on the main page" skipped="0" tests="1" time="14.02" timestamp="2020-09-08 11:33:05"><testcase name="I as a customer WTBAT see more events than presented on the main page"><error message="element click intercepted: Element &lt;span&gt;...&lt;/span&gt; is not clickable at point (1612, 956). Other element would receive the click: &lt;iframe src=&quot;https://app.hubspot.com/conversations-visitor/4264808/threads/utk/7d75d43cb16645d69b804879a13a81af?uuid=01aa8d8144c64c30b26282ea8c4ba3f6&amp;amp;mobile=false&amp;amp;mobileSafari=false&amp;amp;hideWelcomeMessage=false&amp;amp;hstc=null&amp;amp;domain=hys-enterprise.com&amp;amp;inApp53=false&amp;amp;messagesUtk=7d75d43cb16645d69b804879a13a81af&amp;amp;url=https%3A%2F%2Fwww.hys-enterprise.com%2F&amp;amp;inline=false&amp;amp;isFullscreen=false&amp;amp;globalCookieOptOut=null&amp;amp;isFirstVisitorSession=true&amp;amp;isAttachmentDisabled=false&amp;amp;enableWidgetCookieBanner=false&amp;amp;isInCMS=false&quot; title=&quot;chat widget&quot;&gt;&lt;/iframe&gt;&#10;  (Session info: chrome=85.0.4183.83)&#10;Build info: version: '3.141.59', revision: 'e82be7d358', time: '2018-11-14T08:17:03'&#10;System info: host: 'LENA-PC', ip: '192.168.197.142', os.name: 'Windows 10', os.arch: 'x86', os.version: '10.0', java.version: '1.8.0_261'&#10;Driver info: org.openqa.selenium.chrome.ChromeDriver&#10;Capabilities {acceptInsecureCerts: false, browserName: chrome, browserVersion: 85.0.4183.83, chrome: {chromedriverVersion: 84.0.4147.30 (48b3e868b4cc0..., userDataDir: C:\Users\Lena\AppData\Local...}, goog:chromeOptions: {debuggerAddress: localhost:64835}, javascriptEnabled: true, networkConnectionEnabled: false, pageLoadStrategy: normal, platform: WINDOWS, platformName: WINDOWS, proxy: Proxy(), setWindowRect: true, strictFileInteractability: false, timeouts: {implicit: 0, pageLoad: 300000, script: 30000}, unhandledPromptBehavior: dismiss and notify, webauthn:virtualAuthenticators: true}&#10;Session ID: ff889476fd5a4d8e7181a936febed7ab&#10;Build info: version: '3.141.59', revision: 'e82be7d358', time: '2018-11-14T08:17:03'&#10;System info: host: 'LENA-PC', ip: '192.168.197.142', os.name: 'Windows 10', os.arch: 'x86', os.version: '10.0', java.version: '1.8.0_261'&#10;Driver info: driver.version: unknown" type="org.openqa.selenium.ElementClickInterceptedException">element click intercepted: Element &lt;span&gt;...&lt;/span&gt; is not clickable at point (1612, 956). Other element would receive the click: &lt;iframe src="https://app.hubspot.com/conversations-visitor/4264808/threads/utk/7d75d43cb16645d69b804879a13a81af?uuid=01aa8d8144c64c30b26282ea8c4ba3f6&amp;amp;mobile=false&amp;amp;mobileSafari=false&amp;amp;hideWelcomeMessage=false&amp;amp;hstc=null&amp;amp;domain=hys-enterprise.com&amp;amp;inApp53=false&amp;amp;messagesUtk=7d75d43cb16645d69b804879a13a81af&amp;amp;url=https%3A%2F%2Fwww.hys-enterprise.com%2F&amp;amp;inline=false&amp;amp;isFullscreen=false&amp;amp;globalCookieOptOut=null&amp;amp;isFirstVisitorSession=true&amp;amp;isAttachmentDisabled=false&amp;amp;enableWidgetCookieBanner=false&amp;amp;isInCMS=false" title="chat widget"&gt;&lt;/iframe&gt;
  (Session info: chrome=85.0.4183.83)
Build info: version: '3.141.59', revision: 'e82be7d358', time: '2018-11-14T08:17:03'
System info: host: 'LENA-PC', ip: '192.168.197.142', os.name: 'Windows 10', os.arch: 'x86', os.version: '10.0', java.version: '1.8.0_261'
Driver info: org.openqa.selenium.chrome.ChromeDriver
Capabilities {acceptInsecureCerts: false, browserName: chrome, browserVersion: 85.0.4183.83, chrome: {chromedriverVersion: 84.0.4147.30 (48b3e868b4cc0..., userDataDir: C:\Users\Lena\AppData\Local...}, goog:chromeOptions: {debuggerAddress: localhost:64835}, javascriptEnabled: true, networkConnectionEnabled: false, pageLoadStrategy: normal, platform: WINDOWS, platformName: WINDOWS, proxy: Proxy(), setWindowRect: true, strictFileInteractability: false, timeouts: {implicit: 0, pageLoad: 300000, script: 30000}, unhandledPromptBehavior: dismiss and notify, webauthn:virtualAuthenticators: true}
Session ID: ff889476fd5a4d8e7181a936febed7ab
Build info: version: '3.141.59', revision: 'e82be7d358', time: '2018-11-14T08:17:03'
System info: host: 'LENA-PC', ip: '192.168.197.142', os.name: 'Windows 10', os.arch: 'x86', os.version: '10.0', java.version: '1.8.0_261'
Driver info: driver.version: unknown</error><system-err>element click intercepted: Element &lt;span&gt;...&lt;/span&gt; is not clickable at point (1612, 956). Other element would receive the click: &lt;iframe src="https://app.hubspot.com/conversations-visitor/4264808/threads/utk/7d75d43cb16645d69b804879a13a81af?uuid=01aa8d8144c64c30b26282ea8c4ba3f6&amp;amp;mobile=false&amp;amp;mobileSafari=false&amp;amp;hideWelcomeMessage=false&amp;amp;hstc=null&amp;amp;domain=hys-enterprise.com&amp;amp;inApp53=false&amp;amp;messagesUtk=7d75d43cb16645d69b804879a13a81af&amp;amp;url=https%3A%2F%2Fwww.hys-enterprise.com%2F&amp;amp;inline=false&amp;amp;isFullscreen=false&amp;amp;globalCookieOptOut=null&amp;amp;isFirstVisitorSession=true&amp;amp;isAttachmentDisabled=false&amp;amp;enableWidgetCookieBanner=false&amp;amp;isInCMS=false" title="chat widget"&gt;&lt;/iframe&gt;
  (Session info: chrome=85.0.4183.83)
Build info: version: '3.141.59', revision: 'e82be7d358', time: '2018-11-14T08:17:03'
System info: host: 'LENA-PC', ip: '192.168.197.142', os.name: 'Windows 10', os.arch: 'x86', os.version: '10.0', java.version: '1.8.0_261'
Driver info: org.openqa.selenium.chrome.ChromeDriver
Capabilities {acceptInsecureCerts: false, browserName: chrome, browserVersion: 85.0.4183.83, chrome: {chromedriverVersion: 84.0.4147.30 (48b3e868b4cc0..., userDataDir: C:\Users\Lena\AppData\Local...}, goog:chromeOptions: {debuggerAddress: localhost:64835}, javascriptEnabled: true, networkConnectionEnabled: false, pageLoadStrategy: normal, platform: WINDOWS, platformName: WINDOWS, proxy: Proxy(), setWindowRect: true, strictFileInteractability: false, timeouts: {implicit: 0, pageLoad: 300000, script: 30000}, unhandledPromptBehavior: dismiss and notify, webauthn:virtualAuthenticators: true}
Session ID: ff889476fd5a4d8e7181a936febed7ab
Build info: version: '3.141.59', revision: 'e82be7d358', time: '2018-11-14T08:17:03'
System info: host: 'LENA-PC', ip: '192.168.197.142', os.name: 'Windows 10', os.arch: 'x86', os.version: '10.0', java.version: '1.8.0_261'
Driver info: driver.version: unknown&#13;
steps.MainPageSteps.clickOnSeeMoreEvents(MainPageSteps.java:70)&#13;
stepdefinitions.MainPageStepDefinition.iClickOnSeeMoreEventsButton(MainPageStepDefinition.java:57)&#13;
✽.I click on ‘Upcoming events’ button(src/test/resources/features/smoke/Smoke_see_more_events.feature:6)&#13;
</system-err></testcase></testsuite>